SF:lib/Widgets/card_widget.dart
DA:15,1
DA:16,3
DA:19,1
DA:20,1
DA:31,1
DA:34,2
DA:36,1
DA:37,1
DA:38,1
DA:39,1
DA:40,1
DA:47,1
DA:50,2
DA:60,0
DA:61,0
DA:62,0
DA:63,0
DA:64,0
DA:66,0
DA:67,0
DA:73,1
DA:74,2
DA:75,2
DA:76,4
DA:77,3
DA:78,2
LF:26
LH:19
end_of_record
SF:lib/business/model/flashcard.dart
DA:12,0
DA:20,0
DA:22,0
DA:23,0
DA:24,0
DA:25,0
DA:26,0
DA:28,0
DA:29,0
DA:30,0
DA:31,0
DA:32,0
DA:33,0
DA:34,0
LF:14
LH:0
end_of_record
SF:lib/business/data/database_helper.dart
DA:11,1
DA:13,0
DA:14,0
DA:15,0
DA:18,0
DA:19,0
DA:22,0
DA:23,0
DA:24,0
DA:27,1
DA:28,1
DA:31,0
DA:32,0
DA:33,1
DA:38,0
DA:39,0
DA:41,0
DA:43,0
DA:49,0
DA:50,0
DA:51,0
DA:52,0
DA:53,0
DA:54,0
DA:55,0
DA:56,0
DA:57,0
DA:58,0
DA:63,0
DA:64,0
DA:65,0
DA:66,0
DA:67,0
DA:68,0
DA:69,0
DA:70,0
DA:71,0
DA:72,0
DA:77,1
DA:78,1
DA:80,0
DA:81,0
DA:82,0
DA:83,0
DA:84,0
DA:85,0
DA:86,0
DA:87,0
DA:89,0
DA:93,0
DA:94,0
DA:96,0
DA:99,0
DA:104,0
DA:105,0
DA:107,0
DA:109,0
DA:113,0
DA:114,0
DA:115,0
DA:121,0
DA:122,0
DA:124,0
DA:125,0
DA:131,0
DA:132,0
DA:133,0
DA:134,0
DA:135,0
DA:136,0
DA:137,0
DA:138,0
DA:143,0
DA:144,0
DA:146,0
DA:147,0
DA:148,0
DA:149,0
DA:150,0
DA:151,0
DA:153,0
DA:157,0
DA:158,0
DA:160,0
DA:163,0
DA:168,0
DA:169,0
DA:171,0
DA:173,0
LF:89
LH:6
end_of_record
SF:lib/business/data/flashcard_repository.dart
DA:7,1
DA:11,0
DA:13,0
DA:14,0
DA:17,1
DA:19,2
DA:22,0
DA:24,0
DA:27,0
DA:29,0
DA:32,0
DA:34,0
DA:37,0
DA:39,0
DA:40,0
DA:43,0
DA:44,0
LF:17
LH:3
end_of_record
SF:lib/business/model/deck.dart
DA:9,0
DA:15,0
DA:16,0
DA:17,0
DA:18,0
DA:20,0
DA:21,0
DA:22,0
DA:23,0
DA:24,0
LF:10
LH:0
end_of_record
SF:lib/Widgets/flat_app_bar.dart
DA:9,1
DA:15,1
DA:17,1
DA:19,2
DA:21,0
DA:24,1
DA:25,1
DA:27,0
DA:29,2
DA:31,1
DA:37,1
DA:38,2
DA:39,1
DA:42,1
DA:44,1
LF:15
LH:13
end_of_record
